<?xml version="1.0" encoding="UTF-8" ?>
<testsuites disabled="0" errors="0" failures="0" tests="3" time="15.328">
 <testsuite name="Demo Calculator tests" timestamp="2020-06-01T16:45:35" hostname="localhost" time="15.328" errors="0" tests="3" skipped="0" disabled="0" failures="0">
  <testcase classname="Demo Calculator tests" name="addition test" time="5.392" />
  <testcase classname="Demo Calculator tests" name="Subtraction test" time="5.127" />
  <testcase classname="Demo Calculator tests" name="Multiplication test" time="4.801" />
 </testsuite>
</testsuites>